FILE_TYPE=LIBRARY_PARTS;
PRIMITIVE '2450AT14A0100T','2450AT14A0100T_Antennas Chip';
  PIN
    'FEED':
      PIN_NUMBER='(1)';
      NO_LOAD_CHECK=BOTH;
      NO_IO_CHECK=BOTH;
      ALLOW_CONNECT=TRUE;
      PINUSE='INPUT';
    'NC':
      PIN_NUMBER='(2)';
      NO_LOAD_CHECK=BOTH;
      NO_IO_CHECK=BOTH;
      ALLOW_CONNECT=TRUE;
      PINUSE='NC';
  END_PIN;
  BODY
    PART_NAME='2450AT14A0100T';
    PHYS_DES_PREFIX='ANT';
    NO_LOAD_CHECK='TRUE';
    PIN_COUNT='2';
    BODY_NAME='2450AT14A0100T';
    JEDEC_TYPE='ANTC1608X40N';
  END_BODY;
END_PRIMITIVE;
END.
